<?xml version="1.0" encoding="UTF-8"?>
<!-- Generated by org.testng.reporters.JUnitXMLReporter -->
<testsuite hostname="NBVZYS02" name="Default test" tests="3" failures="0" timestamp="5 Dec 2017 11:39:34 GMT" time="49.817" errors="0">
  <testcase name="logInPageTitleTest" time="0.318" classname="com.crm.qa.testcases.LogInPageTest"/>
  <testcase name="CRMLogoImageTest" time="0.345" classname="com.crm.qa.testcases.LogInPageTest"/>
  <testcase name="logInTest" time="5.795" classname="com.crm.qa.testcases.LogInPageTest"/>
</testsuite> <!-- Default test -->
