<?xml version="1.0" encoding="UTF-8"?>
<!-- Generated by org.testng.reporters.JUnitXMLReporter -->
<testsuite hostname="NBVZYS02" name="IE Test" tests="1" failures="1" timestamp="22 Nov 2017 09:22:14 GMT" time="36.91" errors="0">
  <testcase name="login_TestCase" time="11.399" classname="multiBrowser.ParallelTest">
    <failure type="java.lang.NullPointerException">
      <![CDATA[java.lang.NullPointerException
	at multiBrowser.ParallelTest.login_TestCase(ParallelTest.java:56)
	at java.util.concurrent.FutureTask.run(Unknown Source)
	at java.util.concurrent.ThreadPoolExecutor.runWorker(Unknown Source)
	at java.util.concurrent.ThreadPoolExecutor$Worker.run(Unknown Source)
	at java.lang.Thread.run(Unknown Source)
... Removed 16 stack frames]]>
    </failure>
  </testcase> <!-- login_TestCase -->
</testsuite> <!-- IE Test -->
